Unknown Venue: Request failed with status code 500
Unknown Venue: Request failed with status code 500
OB Garden Café: Request failed with status code 500
Just Java: Request failed with status code 500
Branches and Blossoms: Request failed with status code 500
Turmeric Thai Garden: Request failed with status code 500
Co-Merge: Request failed with status code 500
Rose Creek Cottage: Request failed with status code 500
Cuyamaca Rancho State Park: Request failed with status code 500
Gold Rock Ranch: Request failed with status code 500
Broken Rock Ranch: Request failed with status code 500
Canterbury Gardens: Request failed with status code 500
Van Roekel Vineyard & Winery: Request failed with status code 500
Emerald Garden: Request failed with status code 500
Garden Grove Pony Baseball: Request failed with status code 500
Donovan Ranch: Request failed with status code 500
Bell Gardens Ford Park Pond: Request failed with status code 500
The Vault Fine Antiques & Estate Jewelry: Request failed with status code 500
Mandarin Garden: Request failed with status code 500
Cypress Gardens Care Center: Request failed with status code 500
Chandler Ranch: Request failed with status code 500
Archibald Ranch Community Church: Request failed with status code 500
Home Gardens Academy: Request failed with status code 500
China Garden: Request failed with status code 500
Rolling M Ranch Campground: Request failed with status code 500
Expressions at Rancho Niguel: Request failed with status code 500
Jensen Ranch Historical Park: Request failed with status code 500
Jonathan Clark, Licensed Real Estate Broker: Request failed with status code 500
Rancho Damacitas: Request failed with status code 500
Carpinteria Community Garden Park: Request failed with status code 500
Topa Mountain Winery: Request failed with status code 500
Segovia Real Estate: Request failed with status code 500
Malibu Colony Estates: Request failed with status code 500
Dilbeck Real Estate: Request failed with status code 500
Estate Beauty: Request failed with status code 500
Demetri-Rome LLC: Request failed with status code 500
Olivia Restaurant and Event Venue: Request failed with status code 500
Palladio Banquet Hall: Request failed with status code 500
Rancho Real Road: Request failed with status code 500
Los Angeles Convention Center: Request failed with status code 500
Bonita Ranch Campground: Request failed with status code 500
Rancho San Antonio Medical Plaza: Request failed with status code 500
CHP - Rancho Cucamonga: Request failed with status code 500
8th Street Community Garden: Request failed with status code 500
Down To Earth Gardening Solutions: Request failed with status code 500
Lane Ranch Campground: Request failed with status code 500
Desert Skate Ranch: Request failed with status code 500
Gregg Whitfield - The Real Estate Office: Request failed with status code 500
Pismo Garden Art: Request failed with status code 500
Phantom Rivers Winery: Request failed with status code 500
Nichols Winery & Cellars: Request failed with status code 500
Rotary Garden: Request failed with status code 500
Chene Vineyards: Request failed with status code 500
La Familia Ranch: Request failed with status code 500
Laurel Lane Community Garden: Request failed with status code 500
The Westchester Event Center: Request failed with status code 500
Arroyo Robles Winery: Request failed with status code 500
Melody Ranch Motel: Request failed with status code 500
GreMarK Vineyards: Request failed with status code 500
Wild Coyote Estate Winery ~ B&B: Request failed with status code 500
Donatoni Winery: Request failed with status code 500
TH Estate Wines: Request failed with status code 500
Santa Ysabel Ranch: Request failed with status code 500
R-Ranch Cabin 153: Request failed with status code 500
Godfrey M. Bockius House: Request failed with status code 500
Springville Veterans’ Memorial Building: Request failed with status code 500
Reasons Banquet and Events Hall: Request failed with status code 500
Craig Ranch Regional Park: Request failed with status code 500
The Side Yard: Request failed with status code 500
The Conference Room: Request failed with status code 500
Fig Garden Golf Club: Request failed with status code 500
49er Estate Liquidator: Request failed with status code 500
Santorini Wine and Beer Garden: Request failed with status code 500
Most Unique Parties and Ponies: Request failed with status code 500
Burleigh H. Murray Ranch State Park: Request failed with status code 500
Redwood Shores Branch Library: Request failed with status code 500
Alma Garden Apartments: Request failed with status code 500
Senior Center Community Garden: Request failed with status code 500
Lytton Gardens Senior Community: Request failed with status code 500
Empire Gardens Elementary School: Request failed with status code 500
Blanco: Request failed with status code 500
Bishop Community Garden: Request failed with status code 500
Central Gardens: Request failed with status code 500
Better Homes and Gardens Real Estate - Thrive: Request failed with status code 500
Better Homes and Gardens Real Estate - Thrive: Request failed with status code 500
Ms. Marian's Dance Garden: Request failed with status code 500
Smith Ranch Cleaners: Request failed with status code 500
Argonne Community Garden: Request failed with status code 500
Community Garden: Request failed with status code 500
Salvation Army Oakland Garden Center: Request failed with status code 500
Blake Garden: Request failed with status code 500
Sunflower Garden: Request failed with status code 500
Saigon Garden: Request failed with status code 500
ColorBloq: Request failed with status code 500
Fiesta Gardens International School: Request failed with status code 500
People's Grocery Garden: Request failed with status code 500
Eric K. James Vineyards Tasting Room: Request failed with status code 500
Charles Creek Vineyard Tasting Room & Gallery: Request failed with status code 500
Highway 12 Winery: Request failed with status code 500
Davis Ranch House: Request failed with status code 500
Seven Artisans Winery: Request failed with status code 500
Davis Community Garden: Request failed with status code 500
Honey Bee Haven Garden: Request failed with status code 500
Nitta Ranch: Request failed with status code 500
MoonRock Ranch: Request failed with status code 500
Rancho Tehama Airport: Request failed with status code 500
Arc Pavilion: Request failed with status code 500
The Links at Kiley Ranch: Request failed with status code 500
Pizza at the Branch: Request failed with status code 500
Burney Mountain Guest Ranch: Request failed with status code 500
